2025-09-22 19:55:28 [ERROR] [testheb-api]: uncaughtException: markExpiredCotizaciones is not defined
ReferenceError: markExpiredCotizaciones is not defined
    at file:///C:/Users/Francisco/testheb-proyecto/backend/src/routes/cotizacionRoutes.js:17:30
    at ModuleJob.run (node:internal/modules/esm/module_job:343:25)
    at process.processTicksAndRejections (node:internal/process/task_queues:105:5)
    at async onImport.tracePromise.__proto__ (node:internal/modules/esm/loader:647:26)
    at async asyncRunEntryPointWithESMLoader (node:internal/modules/run_main:117:5) {
  "error": {},
  "exception": true,
  "date": "Mon Sep 22 2025 19:55:28 GMT-0300 (hora de verano de Chile)",
  "process": {
    "pid": 4340,
    "uid": null,
    "gid": null,
    "cwd": "C:\\Users\\Francisco\\testheb-proyecto\\backend",
    "execPath": "C:\\Program Files\\nodejs\\node.exe",
    "version": "v22.18.0",
    "argv": [
      "C:\\Program Files\\nodejs\\node.exe",
      "C:\\Users\\Francisco\\testheb-proyecto\\backend\\server.js"
    ],
    "memoryUsage": {
      "rss": 71225344,
      "heapTotal": 22937600,
      "heapUsed": 15644008,
      "external": 3673266,
      "arrayBuffers": 84300
    }
  },
  "os": {
    "loadavg": [
      0,
      0,
      0
    ],
    "uptime": 946190.531
  },
  "trace": [
    {
      "column": 30,
      "file": "file:///C:/Users/Francisco/testheb-proyecto/backend/src/routes/cotizacionRoutes.js",
      "function": null,
      "line": 17,
      "method": null,
      "native": false
    },
    {
      "column": 25,
      "file": "node:internal/modules/esm/module_job",
      "function": "ModuleJob.run",
      "line": 343,
      "method": "run",
      "native": false
    },
    {
      "column": 5,
      "file": "node:internal/process/task_queues",
      "function": "process.processTicksAndRejections",
      "line": 105,
      "method": "processTicksAndRejections",
      "native": false
    },
    {
      "column": 26,
      "file": "node:internal/modules/esm/loader",
      "function": "async onImport.tracePromise.__proto__",
      "line": 647,
      "method": "__proto__",
      "native": false
    },
    {
      "column": 5,
      "file": "node:internal/modules/run_main",
      "function": "async asyncRunEntryPointWithESMLoader",
      "line": 117,
      "method": null,
      "native": false
    }
  ]
}
ReferenceError: markExpiredCotizaciones is not defined
    at file:///C:/Users/Francisco/testheb-proyecto/backend/src/routes/cotizacionRoutes.js:17:30
    at ModuleJob.run (node:internal/modules/esm/module_job:343:25)
    at process.processTicksAndRejections (node:internal/process/task_queues:105:5)
    at async onImport.tracePromise.__proto__ (node:internal/modules/esm/loader:647:26)
    at async asyncRunEntryPointWithESMLoader (node:internal/modules/run_main:117:5)
2025-09-22 22:16:08 [ERROR] [testheb-api]: uncaughtException: EPIPE: broken pipe, write
Error: EPIPE: broken pipe, write
    at Socket._write (node:internal/net:63:18)
    at writeOrBuffer (node:internal/streams/writable:572:12)
    at _write (node:internal/streams/writable:501:10)
    at Writable.write (node:internal/streams/writable:510:10)
    at Console.log (C:\Users\Francisco\testheb-proyecto\backend\node_modules\winston\lib\winston\transports\console.js:87:23)
    at Console._write (C:\Users\Francisco\testheb-proyecto\backend\node_modules\winston-transport\modern.js:103:17)
    at doWrite (C:\Users\Francisco\testheb-proyecto\backend\node_modules\readable-stream\lib\_stream_writable.js:390:139)
    at writeOrBuffer (C:\Users\Francisco\testheb-proyecto\backend\node_modules\readable-stream\lib\_stream_writable.js:381:5)
    at Writable.write (C:\Users\Francisco\testheb-proyecto\backend\node_modules\readable-stream\lib\_stream_writable.js:302:11)
    at DerivedLogger.ondata (C:\Users\Francisco\testheb-proyecto\backend\node_modules\readable-stream\lib\_stream_readable.js:629:20) {
  "error": {
    "errno": -4047,
    "syscall": "write",
    "code": "EPIPE"
  },
  "exception": true,
  "date": "Mon Sep 22 2025 22:16:08 GMT-0300 (hora de verano de Chile)",
  "process": {
    "pid": 13396,
    "uid": null,
    "gid": null,
    "cwd": "C:\\Users\\Francisco\\testheb-proyecto\\backend",
    "execPath": "C:\\Program Files\\nodejs\\node.exe",
    "version": "v22.18.0",
    "argv": [
      "C:\\Program Files\\nodejs\\node.exe",
      "C:\\Users\\Francisco\\testheb-proyecto\\backend\\server.js"
    ],
    "memoryUsage": {
      "rss": 65703936,
      "heapTotal": 17170432,
      "heapUsed": 15028408,
      "external": 3849814,
      "arrayBuffers": 86825
    }
  },
  "os": {
    "loadavg": [
      0,
      0,
      0
    ],
    "uptime": 954630.25
  },
  "trace": [
    {
      "column": 18,
      "file": "node:internal/net",
      "function": "Socket._write",
      "line": 63,
      "method": "_write",
      "native": false
    },
    {
      "column": 12,
      "file": "node:internal/streams/writable",
      "function": "writeOrBuffer",
      "line": 572,
      "method": null,
      "native": false
    },
    {
      "column": 10,
      "file": "node:internal/streams/writable",
      "function": "_write",
      "line": 501,
      "method": null,
      "native": false
    },
    {
      "column": 10,
      "file": "node:internal/streams/writable",
      "function": "Writable.write",
      "line": 510,
      "method": "write",
      "native": false
    },
    {
      "column": 23,
      "file": "C:\\Users\\Francisco\\testheb-proyecto\\backend\\node_modules\\winston\\lib\\winston\\transports\\console.js",
      "function": "Console.log",
      "line": 87,
      "method": "log",
      "native": false
    },
    {
      "column": 17,
      "file": "C:\\Users\\Francisco\\testheb-proyecto\\backend\\node_modules\\winston-transport\\modern.js",
      "function": "Console._write",
      "line": 103,
      "method": "_write",
      "native": false
    },
    {
      "column": 139,
      "file": "C:\\Users\\Francisco\\testheb-proyecto\\backend\\node_modules\\readable-stream\\lib\\_stream_writable.js",
      "function": "doWrite",
      "line": 390,
      "method": null,
      "native": false
    },
    {
      "column": 5,
      "file": "C:\\Users\\Francisco\\testheb-proyecto\\backend\\node_modules\\readable-stream\\lib\\_stream_writable.js",
      "function": "writeOrBuffer",
      "line": 381,
      "method": null,
      "native": false
    },
    {
      "column": 11,
      "file": "C:\\Users\\Francisco\\testheb-proyecto\\backend\\node_modules\\readable-stream\\lib\\_stream_writable.js",
      "function": "Writable.write",
      "line": 302,
      "method": "write",
      "native": false
    },
    {
      "column": 20,
      "file": "C:\\Users\\Francisco\\testheb-proyecto\\backend\\node_modules\\readable-stream\\lib\\_stream_readable.js",
      "function": "DerivedLogger.ondata",
      "line": 629,
      "method": "ondata",
      "native": false
    }
  ]
}
Error: EPIPE: broken pipe, write
    at Socket._write (node:internal/net:63:18)
    at writeOrBuffer (node:internal/streams/writable:572:12)
    at _write (node:internal/streams/writable:501:10)
    at Writable.write (node:internal/streams/writable:510:10)
    at Console.log (C:\Users\Francisco\testheb-proyecto\backend\node_modules\winston\lib\winston\transports\console.js:87:23)
    at Console._write (C:\Users\Francisco\testheb-proyecto\backend\node_modules\winston-transport\modern.js:103:17)
    at doWrite (C:\Users\Francisco\testheb-proyecto\backend\node_modules\readable-stream\lib\_stream_writable.js:390:139)
    at writeOrBuffer (C:\Users\Francisco\testheb-proyecto\backend\node_modules\readable-stream\lib\_stream_writable.js:381:5)
    at Writable.write (C:\Users\Francisco\testheb-proyecto\backend\node_modules\readable-stream\lib\_stream_writable.js:302:11)
    at DerivedLogger.ondata (C:\Users\Francisco\testheb-proyecto\backend\node_modules\readable-stream\lib\_stream_readable.js:629:20)
